# JRE version: Java(TM) SE Runtime Environment (8.0_191-b12) (build 1.8.0_191-b12)
# Java VM: Java HotSpot(TM) 64-Bit Server VM (25.191-b12 mixed mode windows-amd64 compressed oops)
Heap:
 PSYoungGen      total 91136K, used 15228K [0x00000000d5580000, 0x00000000db700000, 0x0000000100000000)
  eden space 82432K, 7% used [0x00000000d5580000,0x00000000d5be2618,0x00000000da600000)
  from space 8704K, 99% used [0x00000000da600000,0x00000000dae7cc20,0x00000000dae80000)
  to   space 7680K, 0% used [0x00000000daf80000,0x00000000daf80000,0x00000000db700000)
 ParOldGen       total 56832K, used 23055K [0x0000000080000000, 0x0000000083780000, 0x00000000d5580000)
  object space 56832K, 40% used [0x0000000080000000,0x0000000081683fc8,0x0000000083780000)
 Metaspace       used 49837K, capacity 51328K, committed 51456K, reserved 1093632K
  class space    used 6953K, capacity 7319K, committed 7424K, reserved 1048576K
GC Heap History (10 events):
Event: 27.655 GC heap before
{Heap before GC invocations=15 (full 2):
 PSYoungGen      total 59392K, used 5156K [0x00000000d5580000, 0x00000000da480000, 0x0000000100000000)
  eden space 53248K, 0% used [0x00000000d5580000,0x00000000d5580000,0x00000000d8980000)
  from space 6144K, 83% used [0x00000000d8980000,0x00000000d8e891a0,0x00000000d8f80000)
  to   space 6144K, 0% used [0x00000000d9e80000,0x00000000d9e80000,0x00000000da480000)
 ParOldGen       total 33280K, used 14013K [0x0000000080000000, 0x0000000082080000, 0x00000000d5580000)
  object space 33280K, 42% used [0x0000000080000000,0x0000000080daf588,0x0000000082080000)
 Metaspace       used 34550K, capacity 35208K, committed 35456K, reserved 1079296K
  class space    used 4890K, capacity 5122K, committed 5248K, reserved 1048576K
Event: 27.855 GC heap after
Heap after GC invocations=15 (full 2):
 PSYoungGen      total 59392K, used 0K [0x00000000d5580000, 0x00000000da480000, 0x0000000100000000)
  eden space 53248K, 0% used [0x00000000d5580000,0x00000000d5580000,0x00000000d8980000)
  from space 6144K, 0% used [0x00000000d8980000,0x00000000d8980000,0x00000000d8f80000)
  to   space 6144K, 0% used [0x00000000d9e80000,0x00000000d9e80000,0x00000000da480000)
 ParOldGen       total 56832K, used 16633K [0x0000000080000000, 0x0000000083780000, 0x00000000d5580000)
  object space 56832K, 29% used [0x0000000080000000,0x000000008103e658,0x0000000083780000)
 Metaspace       used 34550K, capacity 35208K, committed 35456K, reserved 1079296K
  class space    used 4890K, capacity 5122K, committed 5248K, reserved 1048576K
}
Event: 29.945 GC heap before
{Heap before GC invocations=16 (full 2):
 PSYoungGen      total 59392K, used 53248K [0x00000000d5580000, 0x00000000da480000, 0x0000000100000000)
  eden space 53248K, 100% used [0x00000000d5580000,0x00000000d8980000,0x00000000d8980000)
  from space 6144K, 0% used [0x00000000d8980000,0x00000000d8980000,0x00000000d8f80000)
  to   space 6144K, 0% used [0x00000000d9e80000,0x00000000d9e80000,0x00000000da480000)
 ParOldGen       total 56832K, used 16633K [0x0000000080000000, 0x0000000083780000, 0x00000000d5580000)
  object space 56832K, 29% used [0x0000000080000000,0x000000008103e658,0x0000000083780000)
 Metaspace       used 37339K, capacity 38190K, committed 38528K, reserved 1083392K
  class space    used 5239K, capacity 5497K, committed 5504K, reserved 1048576K
Event: 29.970 GC heap after
Heap after GC invocations=16 (full 2):
 PSYoungGen      total 71680K, used 4121K [0x00000000d5580000, 0x00000000da300000, 0x0000000100000000)
  eden space 67072K, 0% used [0x00000000d5580000,0x00000000d5580000,0x00000000d9700000)
  from space 4608K, 89% used [0x00000000d9e80000,0x00000000da286770,0x00000000da300000)
  to   space 6144K, 0% used [0x00000000d9700000,0x00000000d9700000,0x00000000d9d00000)
 ParOldGen       total 56832K, used 16641K [0x0000000080000000, 0x0000000083780000, 0x00000000d5580000)
  object space 56832K, 29% used [0x0000000080000000,0x0000000081040658,0x0000000083780000)
 Metaspace       used 37339K, capacity 38190K, committed 38528K, reserved 1083392K
  class space    used 5239K, capacity 5497K, committed 5504K, reserved 1048576K
}
Event: 34.742 GC heap before
{Heap before GC invocations=17 (full 2):
 PSYoungGen      total 71680K, used 71193K [0x00000000d5580000, 0x00000000da300000, 0x0000000100000000)
  eden space 67072K, 100% used [0x00000000d5580000,0x00000000d9700000,0x00000000d9700000)
  from space 4608K, 89% used [0x00000000d9e80000,0x00000000da286770,0x00000000da300000)
  to   space 6144K, 0% used [0x00000000d9700000,0x00000000d9700000,0x00000000d9d00000)
 ParOldGen       total 56832K, used 16641K [0x0000000080000000, 0x0000000083780000, 0x00000000d5580000)
  object space 56832K, 29% used [0x0000000080000000,0x0000000081040658,0x0000000083780000)
 Metaspace       used 41551K, capacity 42542K, committed 42752K, reserved 1085440K
  class space    used 5812K, capacity 6136K, committed 6144K, reserved 1048576K
Event: 34.783 GC heap after
Heap after GC invocations=17 (full 2):
 PSYoungGen      total 73216K, used 6132K [0x00000000d5580000, 0x00000000db780000, 0x0000000100000000)
  eden space 67072K, 0% used [0x00000000d5580000,0x00000000d5580000,0x00000000d9700000)
  from space 6144K, 99% used [0x00000000d9700000,0x00000000d9cfd2e0,0x00000000d9d00000)
  to   space 8192K, 0% used [0x00000000daf80000,0x00000000daf80000,0x00000000db780000)
 ParOldGen       total 56832K, used 20922K [0x0000000080000000, 0x0000000083780000, 0x00000000d5580000)
  object space 56832K, 36% used [0x0000000080000000,0x000000008146ea28,0x0000000083780000)
 Metaspace       used 41551K, capacity 42542K, committed 42752K, reserved 1085440K
  class space    used 5812K, capacity 6136K, committed 6144K, reserved 1048576K
}
Event: 48.834 GC heap before
{Heap before GC invocations=18 (full 2):
 PSYoungGen      total 73216K, used 73204K [0x00000000d5580000, 0x00000000db780000, 0x0000000100000000)
  eden space 67072K, 100% used [0x00000000d5580000,0x00000000d9700000,0x00000000d9700000)
  from space 6144K, 99% used [0x00000000d9700000,0x00000000d9cfd2e0,0x00000000d9d00000)
  to   space 8192K, 0% used [0x00000000daf80000,0x00000000daf80000,0x00000000db780000)
 ParOldGen       total 56832K, used 20922K [0x0000000080000000, 0x0000000083780000, 0x00000000d5580000)
  object space 56832K, 36% used [0x0000000080000000,0x000000008146ea28,0x0000000083780000)
 Metaspace       used 46441K, capacity 47528K, committed 47872K, reserved 1089536K
  class space    used 6473K, capacity 6797K, committed 6912K, reserved 1048576K
Event: 48.875 GC heap after
Heap after GC invocations=18 (full 2):
 PSYoungGen      total 90112K, used 7119K [0x00000000d5580000, 0x00000000db700000, 0x0000000100000000)
  eden space 82432K, 0% used [0x00000000d5580000,0x00000000d5580000,0x00000000da600000)
  from space 7680K, 92% used [0x00000000daf80000,0x00000000db673e70,0x00000000db700000)
  to   space 8704K, 0% used [0x00000000da600000,0x00000000da600000,0x00000000dae80000)
 ParOldGen       total 56832K, used 22898K [0x0000000080000000, 0x0000000083780000, 0x00000000d5580000)
  object space 56832K, 40% used [0x0000000080000000,0x000000008165ca58,0x0000000083780000)
 Metaspace       used 46441K, capacity 47528K, committed 47872K, reserved 1089536K
  class space    used 6473K, capacity 6797K, committed 6912K, reserved 1048576K
}
Event: 68.307 GC heap before
{Heap before GC invocations=19 (full 2):
 PSYoungGen      total 90112K, used 89551K [0x00000000d5580000, 0x00000000db700000, 0x0000000100000000)
  eden space 82432K, 100% used [0x00000000d5580000,0x00000000da600000,0x00000000da600000)
  from space 7680K, 92% used [0x00000000daf80000,0x00000000db673e70,0x00000000db700000)
  to   space 8704K, 0% used [0x00000000da600000,0x00000000da600000,0x00000000dae80000)
 ParOldGen       total 56832K, used 22898K [0x0000000080000000, 0x0000000083780000, 0x00000000d5580000)
  object space 56832K, 40% used [0x0000000080000000,0x000000008165ca58,0x0000000083780000)
 Metaspace       used 49301K, capacity 50774K, committed 51072K, reserved 1093632K
  class space    used 6862K, capacity 7232K, committed 7296K, reserved 1048576K
Event: 68.481 GC heap after
Heap after GC invocations=19 (full 2):
 PSYoungGen      total 91136K, used 8691K [0x00000000d5580000, 0x00000000db700000, 0x0000000100000000)
  eden space 82432K, 0% used [0x00000000d5580000,0x00000000d5580000,0x00000000da600000)
  from space 8704K, 99% used [0x00000000da600000,0x00000000dae7cc20,0x00000000dae80000)
  to   space 7680K, 0% used [0x00000000daf80000,0x00000000daf80000,0x00000000db700000)
 ParOldGen       total 56832K, used 23055K [0x0000000080000000, 0x0000000083780000, 0x00000000d5580000)
  object space 56832K, 40% used [0x0000000080000000,0x0000000081683fc8,0x0000000083780000)
 Metaspace       used 49301K, capacity 50774K, committed 51072K, reserved 1093632K
  class space    used 6862K, capacity 7232K, committed 7296K, reserved 1048576K
}

