# JRE version: Java(TM) SE Runtime Environment (8.0_191-b12) (build 1.8.0_191-b12)
# Java VM: Java HotSpot(TM) 64-Bit Server VM (25.191-b12 mixed mode windows-amd64 compressed oops)
Heap:
 PSYoungGen      total 390656K, used 287516K [0x00000000d5580000, 0x00000000eeb00000, 0x0000000100000000)
  eden space 371200K, 74% used [0x00000000d5580000,0x00000000e643f108,0x00000000ec000000)
  from space 19456K, 52% used [0x00000000ed280000,0x00000000edc88030,0x00000000ee580000)
  to   space 18944K, 0% used [0x00000000ec000000,0x00000000ec000000,0x00000000ed280000)
 ParOldGen       total 121856K, used 83452K [0x0000000080000000, 0x0000000087700000, 0x00000000d5580000)
  object space 121856K, 68% used [0x0000000080000000,0x000000008517f250,0x0000000087700000)
 Metaspace       used 72952K, capacity 75576K, committed 75864K, reserved 1114112K
  class space    used 9702K, capacity 10263K, committed 10368K, reserved 1048576K
GC Heap History (10 events):
Event: 277.795 GC heap before
{Heap before GC invocations=22 (full 4):
 PSYoungGen      total 258560K, used 8897K [0x00000000d5580000, 0x00000000e6c00000, 0x0000000100000000)
  eden space 236032K, 0% used [0x00000000d5580000,0x00000000d5580000,0x00000000e3c00000)
  from space 22528K, 39% used [0x00000000e5100000,0x00000000e59b04d0,0x00000000e6700000)
  to   space 21504K, 0% used [0x00000000e3c00000,0x00000000e3c00000,0x00000000e5100000)
 ParOldGen       total 76800K, used 65984K [0x0000000080000000, 0x0000000084b00000, 0x00000000d5580000)
  object space 76800K, 85% used [0x0000000080000000,0x0000000084070150,0x0000000084b00000)
 Metaspace       used 72639K, capacity 75248K, committed 75480K, reserved 1114112K
  class space    used 9691K, capacity 10239K, committed 10240K, reserved 1048576K
Event: 278.620 GC heap after
Heap after GC invocations=22 (full 4):
 PSYoungGen      total 258560K, used 0K [0x00000000d5580000, 0x00000000e6c00000, 0x0000000100000000)
  eden space 236032K, 0% used [0x00000000d5580000,0x00000000d5580000,0x00000000e3c00000)
  from space 22528K, 0% used [0x00000000e5100000,0x00000000e5100000,0x00000000e6700000)
  to   space 21504K, 0% used [0x00000000e3c00000,0x00000000e3c00000,0x00000000e5100000)
 ParOldGen       total 121856K, used 60426K [0x0000000080000000, 0x0000000087700000, 0x00000000d5580000)
  object space 121856K, 49% used [0x0000000080000000,0x0000000083b02b88,0x0000000087700000)
 Metaspace       used 72619K, capacity 75186K, committed 75480K, reserved 1114112K
  class space    used 9685K, capacity 10228K, committed 10240K, reserved 1048576K
}
Event: 282.857 GC heap before
{Heap before GC invocations=23 (full 4):
 PSYoungGen      total 258560K, used 236032K [0x00000000d5580000, 0x00000000e6c00000, 0x0000000100000000)
  eden space 236032K, 100% used [0x00000000d5580000,0x00000000e3c00000,0x00000000e3c00000)
  from space 22528K, 0% used [0x00000000e5100000,0x00000000e5100000,0x00000000e6700000)
  to   space 21504K, 0% used [0x00000000e3c00000,0x00000000e3c00000,0x00000000e5100000)
 ParOldGen       total 121856K, used 60426K [0x0000000080000000, 0x0000000087700000, 0x00000000d5580000)
  object space 121856K, 49% used [0x0000000080000000,0x0000000083b02b88,0x0000000087700000)
 Metaspace       used 72727K, capacity 75368K, committed 75608K, reserved 1114112K
  class space    used 9698K, capacity 10263K, committed 10368K, reserved 1048576K
Event: 282.919 GC heap after
Heap after GC invocations=23 (full 4):
 PSYoungGen      total 257536K, used 8992K [0x00000000d5580000, 0x00000000e9580000, 0x0000000100000000)
  eden space 236032K, 0% used [0x00000000d5580000,0x00000000d5580000,0x00000000e3c00000)
  from space 21504K, 41% used [0x00000000e3c00000,0x00000000e44c83a0,0x00000000e5100000)
  to   space 20480K, 0% used [0x00000000e8180000,0x00000000e8180000,0x00000000e9580000)
 ParOldGen       total 121856K, used 60426K [0x0000000080000000, 0x0000000087700000, 0x00000000d5580000)
  object space 121856K, 49% used [0x0000000080000000,0x0000000083b02b88,0x0000000087700000)
 Metaspace       used 72727K, capacity 75368K, committed 75608K, reserved 1114112K
  class space    used 9698K, capacity 10263K, committed 10368K, reserved 1048576K
}
Event: 286.152 GC heap before
{Heap before GC invocations=24 (full 4):
 PSYoungGen      total 257536K, used 245024K [0x00000000d5580000, 0x00000000e9580000, 0x0000000100000000)
  eden space 236032K, 100% used [0x00000000d5580000,0x00000000e3c00000,0x00000000e3c00000)
  from space 21504K, 41% used [0x00000000e3c00000,0x00000000e44c83a0,0x00000000e5100000)
  to   space 20480K, 0% used [0x00000000e8180000,0x00000000e8180000,0x00000000e9580000)
 ParOldGen       total 121856K, used 60426K [0x0000000080000000, 0x0000000087700000, 0x00000000d5580000)
  object space 121856K, 49% used [0x0000000080000000,0x0000000083b02b88,0x0000000087700000)
 Metaspace       used 72792K, capacity 75436K, committed 75608K, reserved 1114112K
  class space    used 9698K, capacity 10263K, committed 10368K, reserved 1048576K
Event: 286.225 GC heap after
Heap after GC invocations=24 (full 4):
 PSYoungGen      total 307712K, used 11330K [0x00000000d5580000, 0x00000000e9d80000, 0x0000000100000000)
  eden space 287232K, 0% used [0x00000000d5580000,0x00000000d5580000,0x00000000e6e00000)
  from space 20480K, 55% used [0x00000000e8180000,0x00000000e8c908c0,0x00000000e9580000)
  to   space 19968K, 0% used [0x00000000e6e00000,0x00000000e6e00000,0x00000000e8180000)
 ParOldGen       total 121856K, used 68085K [0x0000000080000000, 0x0000000087700000, 0x00000000d5580000)
  object space 121856K, 55% used [0x0000000080000000,0x000000008427d720,0x0000000087700000)
 Metaspace       used 72792K, capacity 75436K, committed 75608K, reserved 1114112K
  class space    used 9698K, capacity 10263K, committed 10368K, reserved 1048576K
}
Event: 289.270 GC heap before
{Heap before GC invocations=25 (full 4):
 PSYoungGen      total 307712K, used 298562K [0x00000000d5580000, 0x00000000e9d80000, 0x0000000100000000)
  eden space 287232K, 100% used [0x00000000d5580000,0x00000000e6e00000,0x00000000e6e00000)
  from space 20480K, 55% used [0x00000000e8180000,0x00000000e8c908c0,0x00000000e9580000)
  to   space 19968K, 0% used [0x00000000e6e00000,0x00000000e6e00000,0x00000000e8180000)
 ParOldGen       total 121856K, used 68085K [0x0000000080000000, 0x0000000087700000, 0x00000000d5580000)
  object space 121856K, 55% used [0x0000000080000000,0x000000008427d720,0x0000000087700000)
 Metaspace       used 72829K, capacity 75444K, committed 75608K, reserved 1114112K
  class space    used 9698K, capacity 10263K, committed 10368K, reserved 1048576K
Event: 289.384 GC heap after
Heap after GC invocations=25 (full 4):
 PSYoungGen      total 307200K, used 6285K [0x00000000d5580000, 0x00000000ee580000, 0x0000000100000000)
  eden space 287232K, 0% used [0x00000000d5580000,0x00000000d5580000,0x00000000e6e00000)
  from space 19968K, 31% used [0x00000000e6e00000,0x00000000e7423748,0x00000000e8180000)
  to   space 19456K, 0% used [0x00000000ed280000,0x00000000ed280000,0x00000000ee580000)
 ParOldGen       total 121856K, used 77800K [0x0000000080000000, 0x0000000087700000, 0x00000000d5580000)
  object space 121856K, 63% used [0x0000000080000000,0x0000000084bfa240,0x0000000087700000)
 Metaspace       used 72829K, capacity 75444K, committed 75608K, reserved 1114112K
  class space    used 9698K, capacity 10263K, committed 10368K, reserved 1048576K
}
Event: 292.677 GC heap before
{Heap before GC invocations=26 (full 4):
 PSYoungGen      total 307200K, used 293517K [0x00000000d5580000, 0x00000000ee580000, 0x0000000100000000)
  eden space 287232K, 100% used [0x00000000d5580000,0x00000000e6e00000,0x00000000e6e00000)
  from space 19968K, 31% used [0x00000000e6e00000,0x00000000e7423748,0x00000000e8180000)
  to   space 19456K, 0% used [0x00000000ed280000,0x00000000ed280000,0x00000000ee580000)
 ParOldGen       total 121856K, used 77800K [0x0000000080000000, 0x0000000087700000, 0x00000000d5580000)
  object space 121856K, 63% used [0x0000000080000000,0x0000000084bfa240,0x0000000087700000)
 Metaspace       used 72851K, capacity 75444K, committed 75608K, reserved 1114112K
  class space    used 9698K, capacity 10263K, committed 10368K, reserved 1048576K
Event: 292.828 GC heap after
Heap after GC invocations=26 (full 4):
 PSYoungGen      total 390656K, used 10272K [0x00000000d5580000, 0x00000000eeb00000, 0x0000000100000000)
  eden space 371200K, 0% used [0x00000000d5580000,0x00000000d5580000,0x00000000ec000000)
  from space 19456K, 52% used [0x00000000ed280000,0x00000000edc88030,0x00000000ee580000)
  to   space 18944K, 0% used [0x00000000ec000000,0x00000000ec000000,0x00000000ed280000)
 ParOldGen       total 121856K, used 83452K [0x0000000080000000, 0x0000000087700000, 0x00000000d5580000)
  object space 121856K, 68% used [0x0000000080000000,0x000000008517f250,0x0000000087700000)
 Metaspace       used 72851K, capacity 75444K, committed 75608K, reserved 1114112K
  class space    used 9698K, capacity 10263K, committed 10368K, reserved 1048576K
}

